     p1_L1 490753.805900 4240439.453190 0.820000 1
     p1_L2 490753.805900 4240439.453190 0.820000 2
     p1_L3 490753.805900 4240439.453190 0.820000 3
     p1_L4 490753.805900 4240439.453190 0.820000 4
     p1_L5 490753.805900 4240439.453190 0.820000 5
     p1_L6 490753.805900 4240439.453190 0.820000 6
     p1_L7 490753.805900 4240439.453190 0.820000 7
     p1_L8 490753.805900 4240439.453190 0.820000 8
     p1_L9 490753.805900 4240439.453190 0.820000 9
    p1_L10 490753.805900 4240439.453190 0.820000 10
     p2_L1 490802.293210 4240417.432160 1.750000 1
     p2_L2 490802.293210 4240417.432160 1.750000 2
     p2_L3 490802.293210 4240417.432160 1.750000 3
     p2_L4 490802.293210 4240417.432160 1.750000 4
     p2_L5 490802.293210 4240417.432160 1.750000 5
     p2_L6 490802.293210 4240417.432160 1.750000 6
     p2_L7 490802.293210 4240417.432160 1.750000 7
     p2_L8 490802.293210 4240417.432160 1.750000 8
     p2_L9 490802.293210 4240417.432160 1.750000 9
    p2_L10 490802.293210 4240417.432160 1.750000 10
     p3_L1 490842.181290 4240393.403200 2.390000 1
     p3_L2 490842.181290 4240393.403200 2.390000 2
     p3_L3 490842.181290 4240393.403200 2.390000 3
     p3_L4 490842.181290 4240393.403200 2.390000 4
     p3_L5 490842.181290 4240393.403200 2.390000 5
     p3_L6 490842.181290 4240393.403200 2.390000 6
     p3_L7 490842.181290 4240393.403200 2.390000 7
     p3_L8 490842.181290 4240393.403200 2.390000 8
     p3_L9 490842.181290 4240393.403200 2.390000 9
    p3_L10 490842.181290 4240393.403200 2.390000 10
     p4_L1 490887.889800 4240364.388060 1.520000 1
     p4_L2 490887.889800 4240364.388060 1.520000 2
     p4_L3 490887.889800 4240364.388060 1.520000 3
     p4_L4 490887.889800 4240364.388060 1.520000 4
     p4_L5 490887.889800 4240364.388060 1.520000 5
     p4_L6 490887.889800 4240364.388060 1.520000 6
     p4_L7 490887.889800 4240364.388060 1.520000 7
     p4_L8 490887.889800 4240364.388060 1.520000 8
     p4_L9 490887.889800 4240364.388060 1.520000 9
    p4_L10 490887.889800 4240364.388060 1.520000 10
     p5_L1 490934.229740 4240345.400200 1.660000 1
     p5_L2 490934.229740 4240345.400200 1.660000 2
     p5_L3 490934.229740 4240345.400200 1.660000 3
     p5_L4 490934.229740 4240345.400200 1.660000 4
     p5_L5 490934.229740 4240345.400200 1.660000 5
     p5_L6 490934.229740 4240345.400200 1.660000 6
     p5_L7 490934.229740 4240345.400200 1.660000 7
     p5_L8 490934.229740 4240345.400200 1.660000 8
     p5_L9 490934.229740 4240345.400200 1.660000 9
    p5_L10 490934.229740 4240345.400200 1.660000 10
     p6_L1 490974.210770 4240325.081940 1.570000 1
     p6_L2 490974.210770 4240325.081940 1.570000 2
     p6_L3 490974.210770 4240325.081940 1.570000 3
     p6_L4 490974.210770 4240325.081940 1.570000 4
     p6_L5 490974.210770 4240325.081940 1.570000 5
     p6_L6 490974.210770 4240325.081940 1.570000 6
     p6_L7 490974.210770 4240325.081940 1.570000 7
     p6_L8 490974.210770 4240325.081940 1.570000 8
     p6_L9 490974.210770 4240325.081940 1.570000 9
    p6_L10 490974.210770 4240325.081940 1.570000 10
     p7_L1 491014.446170 4240299.916940 0.770000 1
     p7_L2 491014.446170 4240299.916940 0.770000 2
     p7_L3 491014.446170 4240299.916940 0.770000 3
     p7_L4 491014.446170 4240299.916940 0.770000 4
     p7_L5 491014.446170 4240299.916940 0.770000 5
     p7_L6 491014.446170 4240299.916940 0.770000 6
     p7_L7 491014.446170 4240299.916940 0.770000 7
     p7_L8 491014.446170 4240299.916940 0.770000 8
     p7_L9 491014.446170 4240299.916940 0.770000 9
    p7_L10 491014.446170 4240299.916940 0.770000 10
